Build started 5/1/2019 3:36:50 PM.
     1>Project "C:\Users\u180274\Documents\Visual Studio 2010\Projects\pendulum\pendulum\pendulum.vcxproj" on node 2 (build target(s)).
     1>InitializeBuildStatus:
         Creating "Debug\pendulum.unsuccessfulbuild" because "AlwaysCreate" was specified.
       ClCompile:
         All outputs are up-to-date.
         c:\Program Files (x86)\Microsoft Visual Studio 10.0\VC\bin\CL.exe /c /I"C:\Users\u180274\Documents\Visual Studio 2010\Projects\pendulum\freeglut_bin" /ZI /nologo /W3 /WX- /Od /Oy- /D WIN32 /D _DEBUG /D _CONSOLE /D _UNICODE /D UNICODE /Gm /EHsc /RTC1 /MDd /GS /fp:precise /Zc:wchar_t /Zc:forScope /Yu"StdAfx.h" /Fp"Debug\pendulum.pch" /Fo"Debug\\" /Fd"Debug\vc100.pdb" /Gd /TP /analyze- /errorReport:prompt pendulum.cpp
         pendulum.cpp
     1>c:\users\u180274\documents\visual studio 2010\projects\pendulum\pendulum\pendulum.cpp(14): warning C4305: 'initializing' : truncation from 'double' to 'float'
     1>c:\users\u180274\documents\visual studio 2010\projects\pendulum\pendulum\pendulum.cpp(16): warning C4305: 'initializing' : truncation from 'double' to 'float'
     1>c:\users\u180274\documents\visual studio 2010\projects\pendulum\pendulum\pendulum.cpp(17): warning C4305: 'initializing' : truncation from 'double' to 'float'
     1>c:\users\u180274\documents\visual studio 2010\projects\pendulum\pendulum\pendulum.cpp(18): warning C4305: 'initializing' : truncation from 'double' to 'float'
     1>c:\users\u180274\documents\visual studio 2010\projects\pendulum\pendulum\pendulum.cpp(24): warning C4305: 'initializing' : truncation from 'double' to 'float'
     1>c:\users\u180274\documents\visual studio 2010\projects\pendulum\pendulum\pendulum.cpp(25): warning C4305: 'initializing' : truncation from 'double' to 'float'
     1>c:\users\u180274\documents\visual studio 2010\projects\pendulum\pendulum\pendulum.cpp(69): warning C4244: 'argument' : conversion from 'float' to 'int', possible loss of data
     1>c:\users\u180274\documents\visual studio 2010\projects\pendulum\pendulum\pendulum.cpp(69): warning C4244: 'argument' : conversion from 'float' to 'int', possible loss of data
     1>c:\users\u180274\documents\visual studio 2010\projects\pendulum\pendulum\pendulum.cpp(70): warning C4996: 'sprintf': This function or variable may be unsafe. Consider using sprintf_s instead. To disable deprecation, use _CRT_SECURE_NO_WARNINGS. See online help for details.
                 c:\program files (x86)\microsoft visual studio 10.0\vc\include\stdio.h(371) : see declaration of 'sprintf'
     1>c:\users\u180274\documents\visual studio 2010\projects\pendulum\pendulum\pendulum.cpp(71): warning C4244: 'argument' : conversion from 'float' to 'int', possible loss of data
     1>c:\users\u180274\documents\visual studio 2010\projects\pendulum\pendulum\pendulum.cpp(71): warning C4244: 'argument' : conversion from 'float' to 'int', possible loss of data
     1>c:\users\u180274\documents\visual studio 2010\projects\pendulum\pendulum\pendulum.cpp(72): warning C4996: 'sprintf': This function or variable may be unsafe. Consider using sprintf_s instead. To disable deprecation, use _CRT_SECURE_NO_WARNINGS. See online help for details.
                 c:\program files (x86)\microsoft visual studio 10.0\vc\include\stdio.h(371) : see declaration of 'sprintf'
     1>c:\users\u180274\documents\visual studio 2010\projects\pendulum\pendulum\pendulum.cpp(73): warning C4244: 'argument' : conversion from 'float' to 'int', possible loss of data
     1>c:\users\u180274\documents\visual studio 2010\projects\pendulum\pendulum\pendulum.cpp(73): warning C4244: 'argument' : conversion from 'float' to 'int', possible loss of data
     1>c:\users\u180274\documents\visual studio 2010\projects\pendulum\pendulum\pendulum.cpp(75): warning C4244: 'argument' : conversion from 'float' to 'int', possible loss of data
     1>c:\users\u180274\documents\visual studio 2010\projects\pendulum\pendulum\pendulum.cpp(75): warning C4244: 'argument' : conversion from 'float' to 'int', possible loss of data
     1>c:\users\u180274\documents\visual studio 2010\projects\pendulum\pendulum\pendulum.cpp(76): warning C4996: 'sprintf': This function or variable may be unsafe. Consider using sprintf_s instead. To disable deprecation, use _CRT_SECURE_NO_WARNINGS. See online help for details.
                 c:\program files (x86)\microsoft visual studio 10.0\vc\include\stdio.h(371) : see declaration of 'sprintf'
     1>c:\users\u180274\documents\visual studio 2010\projects\pendulum\pendulum\pendulum.cpp(77): warning C4244: 'argument' : conversion from 'float' to 'int', possible loss of data
     1>c:\users\u180274\documents\visual studio 2010\projects\pendulum\pendulum\pendulum.cpp(77): warning C4244: 'argument' : conversion from 'float' to 'int', possible loss of data
     1>c:\users\u180274\documents\visual studio 2010\projects\pendulum\pendulum\pendulum.cpp(78): warning C4996: 'sprintf': This function or variable may be unsafe. Consider using sprintf_s instead. To disable deprecation, use _CRT_SECURE_NO_WARNINGS. See online help for details.
                 c:\program files (x86)\microsoft visual studio 10.0\vc\include\stdio.h(371) : see declaration of 'sprintf'
     1>c:\users\u180274\documents\visual studio 2010\projects\pendulum\pendulum\pendulum.cpp(79): warning C4244: 'argument' : conversion from 'float' to 'int', possible loss of data
     1>c:\users\u180274\documents\visual studio 2010\projects\pendulum\pendulum\pendulum.cpp(79): warning C4244: 'argument' : conversion from 'float' to 'int', possible loss of data
     1>c:\users\u180274\documents\visual studio 2010\projects\pendulum\pendulum\pendulum.cpp(81): warning C4244: 'argument' : conversion from 'float' to 'int', possible loss of data
     1>c:\users\u180274\documents\visual studio 2010\projects\pendulum\pendulum\pendulum.cpp(81): warning C4244: 'argument' : conversion from 'float' to 'int', possible loss of data
     1>c:\users\u180274\documents\visual studio 2010\projects\pendulum\pendulum\pendulum.cpp(82): warning C4244: 'argument' : conversion from 'float' to 'int', possible loss of data
     1>c:\users\u180274\documents\visual studio 2010\projects\pendulum\pendulum\pendulum.cpp(117): warning C4305: '+=' : truncation from 'double' to 'float'
     1>c:\users\u180274\documents\visual studio 2010\projects\pendulum\pendulum\pendulum.cpp(135): warning C4305: '+=' : truncation from 'double' to 'float'
     1>c:\users\u180274\documents\visual studio 2010\projects\pendulum\pendulum\pendulum.cpp(143): warning C4305: '+=' : truncation from 'double' to 'float'
     1>c:\users\u180274\documents\visual studio 2010\projects\pendulum\pendulum\pendulum.cpp(152): warning C4244: 'initializing' : conversion from 'double' to 'float', possible loss of data
     1>c:\users\u180274\documents\visual studio 2010\projects\pendulum\pendulum\pendulum.cpp(155): warning C4244: 'initializing' : conversion from 'double' to 'float', possible loss of data
     1>c:\users\u180274\documents\visual studio 2010\projects\pendulum\pendulum\pendulum.cpp(156): warning C4244: 'initializing' : conversion from 'double' to 'float', possible loss of data
     1>c:\users\u180274\documents\visual studio 2010\projects\pendulum\pendulum\pendulum.cpp(164): warning C4305: '+=' : truncation from 'double' to 'float'
     1>c:\users\u180274\documents\visual studio 2010\projects\pendulum\pendulum\pendulum.cpp(178): warning C4244: '-=' : conversion from 'double' to 'float', possible loss of data
     1>c:\users\u180274\documents\visual studio 2010\projects\pendulum\pendulum\pendulum.cpp(197): warning C4244: 'argument' : conversion from 'float' to 'unsigned int', possible loss of data
     1>c:\users\u180274\documents\visual studio 2010\projects\pendulum\pendulum\pendulum.cpp(219): warning C4244: 'argument' : conversion from 'float' to 'unsigned int', possible loss of data
     1>c:\users\u180274\documents\visual studio 2010\projects\pendulum\pendulum\pendulum.cpp(233): warning C4244: 'argument' : conversion from 'int' to 'GLfloat', possible loss of data
     1>c:\users\u180274\documents\visual studio 2010\projects\pendulum\pendulum\pendulum.cpp(233): warning C4244: 'argument' : conversion from 'int' to 'GLfloat', possible loss of data
     1>c:\users\u180274\documents\visual studio 2010\projects\pendulum\pendulum\pendulum.cpp(255): warning C4244: 'argument' : conversion from 'float' to 'unsigned int', possible loss of data
       ManifestResourceCompile:
         All outputs are up-to-date.
       Link:
         c:\Program Files (x86)\Microsoft Visual Studio 10.0\VC\bin\link.exe /ERRORREPORT:PROMPT /OUT:"C:\Users\u180274\Documents\Visual Studio 2010\Projects\pendulum\Debug\pendulum.exe" /INCREMENTAL /NOLOGO /LIBPATH:"C:\Users\u180274\Documents\Visual Studio 2010\Projects\pendulum\freeglut_bin" kernel32.lib user32.lib gdi32.lib winspool.lib comdlg32.lib advapi32.lib shell32.lib ole32.lib oleaut32.lib uuid.lib odbc32.lib odbccp32.lib /MANIFEST /ManifestFile:"Debug\pendulum.exe.intermediate.manifest" /MANIFESTUAC:"level='asInvoker' uiAccess='false'" /DEBUG /PDB:"C:\Users\u180274\Documents\Visual Studio 2010\Projects\pendulum\Debug\pendulum.pdb" /SUBSYSTEM:CONSOLE /TLBID:1 /DYNAMICBASE /NXCOMPAT /IMPLIB:"C:\Users\u180274\Documents\Visual Studio 2010\Projects\pendulum\Debug\pendulum.lib" /MACHINE:X86 Debug\pendulum.exe.embed.manifest.res
         Debug\pendulum.obj
         Debug\stdafx.obj
       Manifest:
         C:\Program Files (x86)\Microsoft SDKs\Windows\v7.0A\bin\mt.exe /nologo /verbose /out:"Debug\pendulum.exe.embed.manifest" /manifest Debug\pendulum.exe.intermediate.manifest
         All outputs are up-to-date.
       LinkEmbedManifest:
         All outputs are up-to-date.
         pendulum.vcxproj -> C:\Users\u180274\Documents\Visual Studio 2010\Projects\pendulum\Debug\pendulum.exe
       FinalizeBuildStatus:
         Deleting file "Debug\pendulum.unsuccessfulbuild".
         Touching "Debug\pendulum.lastbuildstate".
     1>Done Building Project "C:\Users\u180274\Documents\Visual Studio 2010\Projects\pendulum\pendulum\pendulum.vcxproj" (build target(s)).

Build succeeded.

Time Elapsed 00:00:01.07
