Build started 4/2/2019 5:16:32 PM.
     1>Project "C:\Users\u180274\Documents\Visual Studio 2010\Projects\OpenGL_game\OpenGL_game\OpenGL_game.vcxproj" on node 2 (build target(s)).
     1>InitializeBuildStatus:
         Creating "Debug\OpenGL_game.unsuccessfulbuild" because "AlwaysCreate" was specified.
       ClCompile:
         All outputs are up-to-date.
         c:\Program Files (x86)\Microsoft Visual Studio 10.0\VC\bin\CL.exe /c /I"C:\Users\u180274\Documents\Visual Studio 2010\Projects\OpenGL_game\freeglut_bin" /ZI /nologo /W3 /WX- /Od /Oy- /D WIN32 /D _DEBUG /D _CONSOLE /D _UNICODE /D UNICODE /Gm /EHsc /RTC1 /MDd /GS /fp:precise /Zc:wchar_t /Zc:forScope /Yu"StdAfx.h" /Fp"Debug\OpenGL_game.pch" /Fo"Debug\\" /Fd"Debug\vc100.pdb" /Gd /TP /analyze- /errorReport:prompt OpenGL_game.cpp
         OpenGL_game.cpp
     1>c:\users\u180274\documents\visual studio 2010\projects\opengl_game\opengl_game\sprite.h(97): warning C4244: 'argument' : conversion from 'int' to 'GLfloat', possible loss of data
     1>c:\users\u180274\documents\visual studio 2010\projects\opengl_game\opengl_game\sprite.h(97): warning C4244: 'argument' : conversion from 'int' to 'GLfloat', possible loss of data
     1>c:\users\u180274\documents\visual studio 2010\projects\opengl_game\opengl_game\sprite.h(113): warning C4244: '=' : conversion from 'int' to 'float', possible loss of data
     1>c:\users\u180274\documents\visual studio 2010\projects\opengl_game\opengl_game\sprite.h(114): warning C4244: '=' : conversion from 'int' to 'float', possible loss of data
     1>c:\users\u180274\documents\visual studio 2010\projects\opengl_game\opengl_game\sprite.h(180): warning C4305: 'initializing' : truncation from 'double' to 'float'
     1>c:\users\u180274\documents\visual studio 2010\projects\opengl_game\opengl_game\sprite.h(181): warning C4305: 'initializing' : truncation from 'double' to 'float'
     1>c:\users\u180274\documents\visual studio 2010\projects\opengl_game\opengl_game\sprite.h(182): warning C4305: 'initializing' : truncation from 'double' to 'float'
     1>c:\users\u180274\documents\visual studio 2010\projects\opengl_game\opengl_game\opengl_game.cpp(40): warning C4996: 'sprintf': This function or variable may be unsafe. Consider using sprintf_s instead. To disable deprecation, use _CRT_SECURE_NO_WARNINGS. See online help for details.
                 c:\program files (x86)\microsoft visual studio 10.0\vc\include\stdio.h(371) : see declaration of 'sprintf'
     1>c:\users\u180274\documents\visual studio 2010\projects\opengl_game\opengl_game\opengl_game.cpp(101): warning C4244: '=' : conversion from 'int' to 'float', possible loss of data
       ManifestResourceCompile:
         All outputs are up-to-date.
       Link:
         c:\Program Files (x86)\Microsoft Visual Studio 10.0\VC\bin\link.exe /ERRORREPORT:PROMPT /OUT:"C:\Users\u180274\Documents\Visual Studio 2010\Projects\OpenGL_game\Debug\OpenGL_game.exe" /INCREMENTAL /NOLOGO /LIBPATH:"C:\Users\u180274\Documents\Visual Studio 2010\Projects\OpenGL_game\freeglut_bin" kernel32.lib user32.lib gdi32.lib winspool.lib comdlg32.lib advapi32.lib shell32.lib ole32.lib oleaut32.lib uuid.lib odbc32.lib odbccp32.lib /MANIFEST /ManifestFile:"Debug\OpenGL_game.exe.intermediate.manifest" /MANIFESTUAC:"level='asInvoker' uiAccess='false'" /DEBUG /PDB:"C:\Users\u180274\Documents\Visual Studio 2010\Projects\OpenGL_game\Debug\OpenGL_game.pdb" /SUBSYSTEM:CONSOLE /TLBID:1 /DYNAMICBASE /NXCOMPAT /IMPLIB:"C:\Users\u180274\Documents\Visual Studio 2010\Projects\OpenGL_game\Debug\OpenGL_game.lib" /MACHINE:X86 Debug\OpenGL_game.exe.embed.manifest.res
         Debug\OpenGL_game.obj
         Debug\stdafx.obj
       Manifest:
         C:\Program Files (x86)\Microsoft SDKs\Windows\v7.0A\bin\mt.exe /nologo /verbose /out:"Debug\OpenGL_game.exe.embed.manifest" /manifest Debug\OpenGL_game.exe.intermediate.manifest
         All outputs are up-to-date.
       LinkEmbedManifest:
         All outputs are up-to-date.
         OpenGL_game.vcxproj -> C:\Users\u180274\Documents\Visual Studio 2010\Projects\OpenGL_game\Debug\OpenGL_game.exe
       FinalizeBuildStatus:
         Deleting file "Debug\OpenGL_game.unsuccessfulbuild".
         Touching "Debug\OpenGL_game.lastbuildstate".
     1>Done Building Project "C:\Users\u180274\Documents\Visual Studio 2010\Projects\OpenGL_game\OpenGL_game\OpenGL_game.vcxproj" (build target(s)).

Build succeeded.

Time Elapsed 00:00:00.89
